2024-04-01 12:12:34,298 [Worker-6: Loading available Gradle versions] INFO  o.e.b.c.i.u.g.PublishedGradleVersions - Gradle version information cache is out-of-date. Trying to update.
2024-04-01 16:19:43,845 [Worker-4: Loading available Gradle versions] INFO  o.e.b.c.i.u.g.PublishedGradleVersions - Gradle version information cache is up-to-date. Trying to read.
2024-04-01 16:44:42,648 [Worker-38: Enabling Maven Dependency Management] INFO  o.e.m.c.i.l.LifecycleMappingFactory - Using org.eclipse.m2e.jdt.JarLifecycleMapping lifecycle mapping for MavenProject: Assignment3:Assignment3:0.0.1-SNAPSHOT @ C:\Users\rvanw\CSE374\Ryan_VanWitzenburg_Assignment3\Assignment3\pom.xml.
2024-04-01 16:44:44,383 [Worker-37: Building] WARN  o.a.m.s.f.DefaultMavenResourcesFiltering - Using platform encoding (UTF-8 actually) to copy filtered resources, i.e. build is platform dependent!
2024-04-01 16:44:44,384 [Worker-37: Building] INFO  o.a.m.s.f.DefaultMavenResourcesFiltering - skip non existing resourceDirectory C:\Users\rvanw\CSE374\Ryan_VanWitzenburg_Assignment3\Assignment3\src\main\resources
2024-04-01 16:44:44,389 [Worker-37: Building] WARN  o.a.m.s.f.DefaultMavenResourcesFiltering - Using platform encoding (UTF-8 actually) to copy filtered resources, i.e. build is platform dependent!
2024-04-01 16:44:44,391 [Worker-37: Building] INFO  o.a.m.s.f.DefaultMavenResourcesFiltering - skip non existing resourceDirectory C:\Users\rvanw\CSE374\Ryan_VanWitzenburg_Assignment3\Assignment3\src\test\resources
2024-04-01 16:44:44,778 [Worker-38: Enabling Maven Dependency Management] INFO  o.e.m.j.i.AbstractJavaProjectConfigurator - Adding source folder /Assignment3/src
2024-04-01 16:44:44,779 [Worker-38: Enabling Maven Dependency Management] INFO  o.e.m.j.i.AbstractJavaProjectConfigurator - Resources folder /Assignment3/src/main/resources overlaps with sources folder /Assignment3/src
2024-04-01 16:44:44,780 [Worker-38: Enabling Maven Dependency Management] INFO  o.e.m.j.i.AbstractJavaProjectConfigurator - Not adding source folder /Assignment3/src/test/java because it overlaps with /Assignment3/src
2024-04-01 16:44:44,780 [Worker-38: Enabling Maven Dependency Management] INFO  o.e.m.j.i.AbstractJavaProjectConfigurator - Resources folder /Assignment3/src/test/resources overlaps with sources folder /Assignment3/src
2024-04-01 16:44:44,921 [Worker-38: Enabling Maven Dependency Management] INFO  o.e.m.c.i.p.ProjectConfigurationManager - Update started
2024-04-01 16:44:45,303 [Worker-38: Enabling Maven Dependency Management] INFO  o.e.m.c.i.l.LifecycleMappingFactory - Using org.eclipse.m2e.jdt.JarLifecycleMapping lifecycle mapping for MavenProject: Assignment3:Assignment3:0.0.1-SNAPSHOT @ C:\Users\rvanw\CSE374\Ryan_VanWitzenburg_Assignment3\Assignment3\pom.xml.
2024-04-01 16:44:45,474 [Worker-38: Enabling Maven Dependency Management] INFO  o.e.m.j.i.AbstractJavaProjectConfigurator - Adding source folder /Assignment3/src
2024-04-01 16:44:45,474 [Worker-38: Enabling Maven Dependency Management] INFO  o.e.m.j.i.AbstractJavaProjectConfigurator - Resources folder /Assignment3/src/main/resources overlaps with sources folder /Assignment3/src
2024-04-01 16:44:45,475 [Worker-38: Enabling Maven Dependency Management] INFO  o.e.m.j.i.AbstractJavaProjectConfigurator - Not adding source folder /Assignment3/src/test/java because it overlaps with /Assignment3/src
2024-04-01 16:44:45,475 [Worker-38: Enabling Maven Dependency Management] INFO  o.e.m.j.i.AbstractJavaProjectConfigurator - Resources folder /Assignment3/src/test/resources overlaps with sources folder /Assignment3/src
2024-04-01 16:44:45,528 [Worker-38: Enabling Maven Dependency Management] INFO  o.e.m.c.i.p.ProjectConfigurationManager - Update completed for 1 poms: local refresh takes 0.00 sec, refresh facades takes 0.00 sec, update config takes 0.00 sec 
2024-04-01 16:44:45,975 [Worker-21: Building] WARN  o.a.m.s.f.DefaultMavenResourcesFiltering - Using platform encoding (UTF-8 actually) to copy filtered resources, i.e. build is platform dependent!
2024-04-01 16:44:45,978 [Worker-21: Building] INFO  o.a.m.s.f.DefaultMavenResourcesFiltering - skip non existing resourceDirectory C:\Users\rvanw\CSE374\Ryan_VanWitzenburg_Assignment3\Assignment3\src\main\resources
2024-04-01 16:44:45,990 [Worker-21: Building] WARN  o.a.m.s.f.DefaultMavenResourcesFiltering - Using platform encoding (UTF-8 actually) to copy filtered resources, i.e. build is platform dependent!
2024-04-01 16:44:45,992 [Worker-21: Building] INFO  o.a.m.s.f.DefaultMavenResourcesFiltering - skip non existing resourceDirectory C:\Users\rvanw\CSE374\Ryan_VanWitzenburg_Assignment3\Assignment3\src\test\resources
2024-04-01 16:52:01,287 [Worker-35: Building] WARN  o.a.m.s.f.DefaultMavenResourcesFiltering - Using platform encoding (UTF-8 actually) to copy filtered resources, i.e. build is platform dependent!
2024-04-01 16:52:01,289 [Worker-35: Building] INFO  o.a.m.s.f.DefaultMavenResourcesFiltering - skip non existing resourceDirectory C:\Users\rvanw\CSE374\Ryan_VanWitzenburg_Assignment3\Assignment3\src\main\resources
2024-04-01 16:52:01,292 [Worker-35: Building] WARN  o.a.m.s.f.DefaultMavenResourcesFiltering - Using platform encoding (UTF-8 actually) to copy filtered resources, i.e. build is platform dependent!
2024-04-01 16:52:01,293 [Worker-35: Building] INFO  o.a.m.s.f.DefaultMavenResourcesFiltering - skip non existing resourceDirectory C:\Users\rvanw\CSE374\Ryan_VanWitzenburg_Assignment3\Assignment3\src\test\resources
2024-04-01 16:56:55,441 [Worker-43: Launching Exercise3LargestYear] INFO  o.e.m.c.i.l.LifecycleMappingFactory - Using org.eclipse.m2e.jdt.JarLifecycleMapping lifecycle mapping for MavenProject: Assignment3:Assignment3:0.0.1-SNAPSHOT @ C:\Users\rvanw\CSE374\Ryan_VanWitzenburg_Assignment3\Assignment3\pom.xml.
2024-04-01 16:56:55,652 [Worker-43: Launching Exercise3LargestYear] WARN  o.a.m.s.f.DefaultMavenResourcesFiltering - Using platform encoding (UTF-8 actually) to copy filtered resources, i.e. build is platform dependent!
2024-04-01 16:56:55,653 [Worker-43: Launching Exercise3LargestYear] INFO  o.a.m.s.f.DefaultMavenResourcesFiltering - skip non existing resourceDirectory C:\Users\rvanw\CSE374\Ryan_VanWitzenburg_Assignment3\Assignment3\src\main\resources
2024-04-01 16:56:55,657 [Worker-43: Launching Exercise3LargestYear] WARN  o.a.m.s.f.DefaultMavenResourcesFiltering - Using platform encoding (UTF-8 actually) to copy filtered resources, i.e. build is platform dependent!
2024-04-01 16:56:55,658 [Worker-43: Launching Exercise3LargestYear] INFO  o.a.m.s.f.DefaultMavenResourcesFiltering - skip non existing resourceDirectory C:\Users\rvanw\CSE374\Ryan_VanWitzenburg_Assignment3\Assignment3\src\test\resources
2024-04-01 16:56:57,272 [Worker-42: Download sources and javadoc] INFO  o.e.m.c.i.e.AbstractTransferListenerAdapter - Downloading https://repo.maven.apache.org/maven2/org/apache/commons/commons-lang3/3.12.0/commons-lang3-3.12.0-sources.jar
2024-04-01 16:56:59,683 [Worker-42: Download sources and javadoc] INFO  o.e.m.c.i.e.AbstractTransferListenerAdapter - Downloaded https://repo.maven.apache.org/maven2/org/apache/commons/commons-lang3/3.12.0/commons-lang3-3.12.0-sources.jar
2024-04-01 16:56:59,698 [Worker-42: Download sources and javadoc] INFO  o.e.m.j.internal.DownloadSourcesJob - Downloaded sources for org.apache.commons:commons-lang3:3.12.0
2024-04-01 16:58:00,562 [Worker-43: Launching Exercise3LargestYear] WARN  o.a.m.s.f.DefaultMavenResourcesFiltering - Using platform encoding (UTF-8 actually) to copy filtered resources, i.e. build is platform dependent!
2024-04-01 16:58:00,563 [Worker-43: Launching Exercise3LargestYear] INFO  o.a.m.s.f.DefaultMavenResourcesFiltering - skip non existing resourceDirectory C:\Users\rvanw\CSE374\Ryan_VanWitzenburg_Assignment3\Assignment3\src\main\resources
2024-04-01 16:58:00,566 [Worker-43: Launching Exercise3LargestYear] WARN  o.a.m.s.f.DefaultMavenResourcesFiltering - Using platform encoding (UTF-8 actually) to copy filtered resources, i.e. build is platform dependent!
2024-04-01 16:58:00,567 [Worker-43: Launching Exercise3LargestYear] INFO  o.a.m.s.f.DefaultMavenResourcesFiltering - skip non existing resourceDirectory C:\Users\rvanw\CSE374\Ryan_VanWitzenburg_Assignment3\Assignment3\src\test\resources
2024-04-01 17:18:12,149 [Worker-35: Launching Exercise3LargestYear] WARN  o.a.m.s.f.DefaultMavenResourcesFiltering - Using platform encoding (UTF-8 actually) to copy filtered resources, i.e. build is platform dependent!
2024-04-01 17:18:12,151 [Worker-35: Launching Exercise3LargestYear] INFO  o.a.m.s.f.DefaultMavenResourcesFiltering - skip non existing resourceDirectory C:\Users\rvanw\CSE374\Ryan_VanWitzenburg_Assignment3\Assignment3\src\main\resources
2024-04-01 17:18:12,155 [Worker-35: Launching Exercise3LargestYear] WARN  o.a.m.s.f.DefaultMavenResourcesFiltering - Using platform encoding (UTF-8 actually) to copy filtered resources, i.e. build is platform dependent!
2024-04-01 17:18:12,156 [Worker-35: Launching Exercise3LargestYear] INFO  o.a.m.s.f.DefaultMavenResourcesFiltering - skip non existing resourceDirectory C:\Users\rvanw\CSE374\Ryan_VanWitzenburg_Assignment3\Assignment3\src\test\resources
2024-04-01 17:21:08,175 [Worker-46: Launching Exercise3LargestYear] WARN  o.a.m.s.f.DefaultMavenResourcesFiltering - Using platform encoding (UTF-8 actually) to copy filtered resources, i.e. build is platform dependent!
2024-04-01 17:21:08,176 [Worker-46: Launching Exercise3LargestYear] INFO  o.a.m.s.f.DefaultMavenResourcesFiltering - skip non existing resourceDirectory C:\Users\rvanw\CSE374\Ryan_VanWitzenburg_Assignment3\Assignment3\src\main\resources
2024-04-01 17:21:08,180 [Worker-46: Launching Exercise3LargestYear] WARN  o.a.m.s.f.DefaultMavenResourcesFiltering - Using platform encoding (UTF-8 actually) to copy filtered resources, i.e. build is platform dependent!
2024-04-01 17:21:08,181 [Worker-46: Launching Exercise3LargestYear] INFO  o.a.m.s.f.DefaultMavenResourcesFiltering - skip non existing resourceDirectory C:\Users\rvanw\CSE374\Ryan_VanWitzenburg_Assignment3\Assignment3\src\test\resources
2024-04-01 17:21:37,693 [Worker-35: Launching Exercise3LargestYear] WARN  o.a.m.s.f.DefaultMavenResourcesFiltering - Using platform encoding (UTF-8 actually) to copy filtered resources, i.e. build is platform dependent!
2024-04-01 17:21:37,695 [Worker-35: Launching Exercise3LargestYear] INFO  o.a.m.s.f.DefaultMavenResourcesFiltering - skip non existing resourceDirectory C:\Users\rvanw\CSE374\Ryan_VanWitzenburg_Assignment3\Assignment3\src\main\resources
2024-04-01 17:21:37,697 [Worker-35: Launching Exercise3LargestYear] WARN  o.a.m.s.f.DefaultMavenResourcesFiltering - Using platform encoding (UTF-8 actually) to copy filtered resources, i.e. build is platform dependent!
2024-04-01 17:21:37,698 [Worker-35: Launching Exercise3LargestYear] INFO  o.a.m.s.f.DefaultMavenResourcesFiltering - skip non existing resourceDirectory C:\Users\rvanw\CSE374\Ryan_VanWitzenburg_Assignment3\Assignment3\src\test\resources
2024-04-01 17:31:31,029 [Worker-43: Launching Exercise7CoutningSort] WARN  o.a.m.s.f.DefaultMavenResourcesFiltering - Using platform encoding (UTF-8 actually) to copy filtered resources, i.e. build is platform dependent!
2024-04-01 17:31:31,031 [Worker-43: Launching Exercise7CoutningSort] INFO  o.a.m.s.f.DefaultMavenResourcesFiltering - skip non existing resourceDirectory C:\Users\rvanw\CSE374\Ryan_VanWitzenburg_Assignment3\Assignment3\src\main\resources
2024-04-01 17:31:31,034 [Worker-43: Launching Exercise7CoutningSort] WARN  o.a.m.s.f.DefaultMavenResourcesFiltering - Using platform encoding (UTF-8 actually) to copy filtered resources, i.e. build is platform dependent!
2024-04-01 17:31:31,036 [Worker-43: Launching Exercise7CoutningSort] INFO  o.a.m.s.f.DefaultMavenResourcesFiltering - skip non existing resourceDirectory C:\Users\rvanw\CSE374\Ryan_VanWitzenburg_Assignment3\Assignment3\src\test\resources
2024-04-01 17:31:40,414 [Worker-35: Launching Exercise7CoutningSort] WARN  o.a.m.s.f.DefaultMavenResourcesFiltering - Using platform encoding (UTF-8 actually) to copy filtered resources, i.e. build is platform dependent!
2024-04-01 17:31:40,415 [Worker-35: Launching Exercise7CoutningSort] INFO  o.a.m.s.f.DefaultMavenResourcesFiltering - skip non existing resourceDirectory C:\Users\rvanw\CSE374\Ryan_VanWitzenburg_Assignment3\Assignment3\src\main\resources
2024-04-01 17:31:40,418 [Worker-35: Launching Exercise7CoutningSort] WARN  o.a.m.s.f.DefaultMavenResourcesFiltering - Using platform encoding (UTF-8 actually) to copy filtered resources, i.e. build is platform dependent!
2024-04-01 17:31:40,418 [Worker-35: Launching Exercise7CoutningSort] INFO  o.a.m.s.f.DefaultMavenResourcesFiltering - skip non existing resourceDirectory C:\Users\rvanw\CSE374\Ryan_VanWitzenburg_Assignment3\Assignment3\src\test\resources
2024-04-01 17:31:56,275 [Worker-48: Launching Exercise7CoutningSort] WARN  o.a.m.s.f.DefaultMavenResourcesFiltering - Using platform encoding (UTF-8 actually) to copy filtered resources, i.e. build is platform dependent!
2024-04-01 17:31:56,276 [Worker-48: Launching Exercise7CoutningSort] INFO  o.a.m.s.f.DefaultMavenResourcesFiltering - skip non existing resourceDirectory C:\Users\rvanw\CSE374\Ryan_VanWitzenburg_Assignment3\Assignment3\src\main\resources
2024-04-01 17:31:56,280 [Worker-48: Launching Exercise7CoutningSort] WARN  o.a.m.s.f.DefaultMavenResourcesFiltering - Using platform encoding (UTF-8 actually) to copy filtered resources, i.e. build is platform dependent!
2024-04-01 17:31:56,302 [Worker-48: Launching Exercise7CoutningSort] INFO  o.a.m.s.f.DefaultMavenResourcesFiltering - skip non existing resourceDirectory C:\Users\rvanw\CSE374\Ryan_VanWitzenburg_Assignment3\Assignment3\src\test\resources
2024-04-01 17:32:50,458 [Worker-43: Launching Exercise7CoutningSort] WARN  o.a.m.s.f.DefaultMavenResourcesFiltering - Using platform encoding (UTF-8 actually) to copy filtered resources, i.e. build is platform dependent!
2024-04-01 17:32:50,459 [Worker-43: Launching Exercise7CoutningSort] INFO  o.a.m.s.f.DefaultMavenResourcesFiltering - skip non existing resourceDirectory C:\Users\rvanw\CSE374\Ryan_VanWitzenburg_Assignment3\Assignment3\src\main\resources
2024-04-01 17:32:50,462 [Worker-43: Launching Exercise7CoutningSort] WARN  o.a.m.s.f.DefaultMavenResourcesFiltering - Using platform encoding (UTF-8 actually) to copy filtered resources, i.e. build is platform dependent!
2024-04-01 17:32:50,463 [Worker-43: Launching Exercise7CoutningSort] INFO  o.a.m.s.f.DefaultMavenResourcesFiltering - skip non existing resourceDirectory C:\Users\rvanw\CSE374\Ryan_VanWitzenburg_Assignment3\Assignment3\src\test\resources
2024-04-02 11:00:28,355 [Worker-6: Loading available Gradle versions] INFO  o.e.b.c.i.u.g.PublishedGradleVersions - Gradle version information cache is up-to-date. Trying to read.
2024-04-02 14:24:14,328 [Worker-20: Launching Exercise4FindShared] WARN  o.a.m.s.f.DefaultMavenResourcesFiltering - Using platform encoding (UTF-8 actually) to copy filtered resources, i.e. build is platform dependent!
2024-04-02 14:24:14,331 [Worker-20: Launching Exercise4FindShared] INFO  o.a.m.s.f.DefaultMavenResourcesFiltering - skip non existing resourceDirectory C:\Users\rvanw\CSE374\Ryan_VanWitzenburg_Assignment3\Assignment3\src\main\resources
2024-04-02 14:24:14,337 [Worker-20: Launching Exercise4FindShared] WARN  o.a.m.s.f.DefaultMavenResourcesFiltering - Using platform encoding (UTF-8 actually) to copy filtered resources, i.e. build is platform dependent!
2024-04-02 14:24:14,339 [Worker-20: Launching Exercise4FindShared] INFO  o.a.m.s.f.DefaultMavenResourcesFiltering - skip non existing resourceDirectory C:\Users\rvanw\CSE374\Ryan_VanWitzenburg_Assignment3\Assignment3\src\test\resources
2024-04-02 14:25:19,364 [Worker-20: Building] WARN  o.a.m.s.f.DefaultMavenResourcesFiltering - Using platform encoding (UTF-8 actually) to copy filtered resources, i.e. build is platform dependent!
2024-04-02 14:25:19,365 [Worker-20: Building] INFO  o.a.m.s.f.DefaultMavenResourcesFiltering - skip non existing resourceDirectory C:\Users\rvanw\CSE374\Ryan_VanWitzenburg_Assignment3\Assignment3\src\main\resources
2024-04-02 14:25:19,368 [Worker-20: Building] WARN  o.a.m.s.f.DefaultMavenResourcesFiltering - Using platform encoding (UTF-8 actually) to copy filtered resources, i.e. build is platform dependent!
2024-04-02 14:25:19,370 [Worker-20: Building] INFO  o.a.m.s.f.DefaultMavenResourcesFiltering - skip non existing resourceDirectory C:\Users\rvanw\CSE374\Ryan_VanWitzenburg_Assignment3\Assignment3\src\test\resources
2024-04-02 14:26:43,364 [Worker-25: Building] WARN  o.a.m.s.f.DefaultMavenResourcesFiltering - Using platform encoding (UTF-8 actually) to copy filtered resources, i.e. build is platform dependent!
2024-04-02 14:26:43,366 [Worker-25: Building] INFO  o.a.m.s.f.DefaultMavenResourcesFiltering - skip non existing resourceDirectory C:\Users\rvanw\CSE374\Ryan_VanWitzenburg_Assignment3\Assignment3\src\main\resources
2024-04-02 14:26:43,370 [Worker-25: Building] WARN  o.a.m.s.f.DefaultMavenResourcesFiltering - Using platform encoding (UTF-8 actually) to copy filtered resources, i.e. build is platform dependent!
2024-04-02 14:26:43,371 [Worker-25: Building] INFO  o.a.m.s.f.DefaultMavenResourcesFiltering - skip non existing resourceDirectory C:\Users\rvanw\CSE374\Ryan_VanWitzenburg_Assignment3\Assignment3\src\test\resources
2024-04-02 15:06:49,280 [Worker-34: Building] WARN  o.a.m.s.f.DefaultMavenResourcesFiltering - Using platform encoding (UTF-8 actually) to copy filtered resources, i.e. build is platform dependent!
2024-04-02 15:06:49,282 [Worker-34: Building] INFO  o.a.m.s.f.DefaultMavenResourcesFiltering - skip non existing resourceDirectory C:\Users\rvanw\CSE374\Ryan_VanWitzenburg_Assignment3\Assignment3\src\main\resources
2024-04-02 15:06:49,285 [Worker-34: Building] WARN  o.a.m.s.f.DefaultMavenResourcesFiltering - Using platform encoding (UTF-8 actually) to copy filtered resources, i.e. build is platform dependent!
2024-04-02 15:06:49,286 [Worker-34: Building] INFO  o.a.m.s.f.DefaultMavenResourcesFiltering - skip non existing resourceDirectory C:\Users\rvanw\CSE374\Ryan_VanWitzenburg_Assignment3\Assignment3\src\test\resources
2024-04-02 15:14:59,848 [Worker-20: Building] WARN  o.a.m.s.f.DefaultMavenResourcesFiltering - Using platform encoding (UTF-8 actually) to copy filtered resources, i.e. build is platform dependent!
2024-04-02 15:14:59,850 [Worker-20: Building] INFO  o.a.m.s.f.DefaultMavenResourcesFiltering - skip non existing resourceDirectory C:\Users\rvanw\CSE374\Ryan_VanWitzenburg_Assignment3\Assignment3\src\main\resources
2024-04-02 15:14:59,854 [Worker-20: Building] WARN  o.a.m.s.f.DefaultMavenResourcesFiltering - Using platform encoding (UTF-8 actually) to copy filtered resources, i.e. build is platform dependent!
2024-04-02 15:14:59,855 [Worker-20: Building] INFO  o.a.m.s.f.DefaultMavenResourcesFiltering - skip non existing resourceDirectory C:\Users\rvanw\CSE374\Ryan_VanWitzenburg_Assignment3\Assignment3\src\test\resources
2024-04-02 15:15:44,647 [Worker-31: Building] WARN  o.a.m.s.f.DefaultMavenResourcesFiltering - Using platform encoding (UTF-8 actually) to copy filtered resources, i.e. build is platform dependent!
2024-04-02 15:15:44,651 [Worker-31: Building] INFO  o.a.m.s.f.DefaultMavenResourcesFiltering - skip non existing resourceDirectory C:\Users\rvanw\CSE374\Ryan_VanWitzenburg_Assignment3\Assignment3\src\main\resources
2024-04-02 15:15:44,659 [Worker-31: Building] WARN  o.a.m.s.f.DefaultMavenResourcesFiltering - Using platform encoding (UTF-8 actually) to copy filtered resources, i.e. build is platform dependent!
2024-04-02 15:15:44,661 [Worker-31: Building] INFO  o.a.m.s.f.DefaultMavenResourcesFiltering - skip non existing resourceDirectory C:\Users\rvanw\CSE374\Ryan_VanWitzenburg_Assignment3\Assignment3\src\test\resources
2024-04-02 17:11:14,204 [Worker-36: Launching Exercise5Pair] WARN  o.a.m.s.f.DefaultMavenResourcesFiltering - Using platform encoding (UTF-8 actually) to copy filtered resources, i.e. build is platform dependent!
2024-04-02 17:11:14,208 [Worker-36: Launching Exercise5Pair] INFO  o.a.m.s.f.DefaultMavenResourcesFiltering - skip non existing resourceDirectory C:\Users\rvanw\CSE374\Ryan_VanWitzenburg_Assignment3\Assignment3\src\main\resources
2024-04-02 17:11:14,218 [Worker-36: Launching Exercise5Pair] WARN  o.a.m.s.f.DefaultMavenResourcesFiltering - Using platform encoding (UTF-8 actually) to copy filtered resources, i.e. build is platform dependent!
2024-04-02 17:11:14,221 [Worker-36: Launching Exercise5Pair] INFO  o.a.m.s.f.DefaultMavenResourcesFiltering - skip non existing resourceDirectory C:\Users\rvanw\CSE374\Ryan_VanWitzenburg_Assignment3\Assignment3\src\test\resources
2024-04-02 17:13:38,203 [Worker-35: Launching Exercise5Pair] WARN  o.a.m.s.f.DefaultMavenResourcesFiltering - Using platform encoding (UTF-8 actually) to copy filtered resources, i.e. build is platform dependent!
2024-04-02 17:13:38,204 [Worker-35: Launching Exercise5Pair] INFO  o.a.m.s.f.DefaultMavenResourcesFiltering - skip non existing resourceDirectory C:\Users\rvanw\CSE374\Ryan_VanWitzenburg_Assignment3\Assignment3\src\main\resources
2024-04-02 17:13:38,207 [Worker-35: Launching Exercise5Pair] WARN  o.a.m.s.f.DefaultMavenResourcesFiltering - Using platform encoding (UTF-8 actually) to copy filtered resources, i.e. build is platform dependent!
2024-04-02 17:13:38,208 [Worker-35: Launching Exercise5Pair] INFO  o.a.m.s.f.DefaultMavenResourcesFiltering - skip non existing resourceDirectory C:\Users\rvanw\CSE374\Ryan_VanWitzenburg_Assignment3\Assignment3\src\test\resources
2024-04-02 17:21:33,301 [Worker-35: Launching Exercise5Pair] WARN  o.a.m.s.f.DefaultMavenResourcesFiltering - Using platform encoding (UTF-8 actually) to copy filtered resources, i.e. build is platform dependent!
2024-04-02 17:21:33,303 [Worker-35: Launching Exercise5Pair] INFO  o.a.m.s.f.DefaultMavenResourcesFiltering - skip non existing resourceDirectory C:\Users\rvanw\CSE374\Ryan_VanWitzenburg_Assignment3\Assignment3\src\main\resources
2024-04-02 17:21:33,309 [Worker-35: Launching Exercise5Pair] WARN  o.a.m.s.f.DefaultMavenResourcesFiltering - Using platform encoding (UTF-8 actually) to copy filtered resources, i.e. build is platform dependent!
2024-04-02 17:21:33,310 [Worker-35: Launching Exercise5Pair] INFO  o.a.m.s.f.DefaultMavenResourcesFiltering - skip non existing resourceDirectory C:\Users\rvanw\CSE374\Ryan_VanWitzenburg_Assignment3\Assignment3\src\test\resources
2024-04-02 17:21:50,962 [Worker-41: Launching Exercise5Pair] WARN  o.a.m.s.f.DefaultMavenResourcesFiltering - Using platform encoding (UTF-8 actually) to copy filtered resources, i.e. build is platform dependent!
2024-04-02 17:21:50,964 [Worker-41: Launching Exercise5Pair] INFO  o.a.m.s.f.DefaultMavenResourcesFiltering - skip non existing resourceDirectory C:\Users\rvanw\CSE374\Ryan_VanWitzenburg_Assignment3\Assignment3\src\main\resources
2024-04-02 17:21:50,968 [Worker-41: Launching Exercise5Pair] WARN  o.a.m.s.f.DefaultMavenResourcesFiltering - Using platform encoding (UTF-8 actually) to copy filtered resources, i.e. build is platform dependent!
2024-04-02 17:21:50,969 [Worker-41: Launching Exercise5Pair] INFO  o.a.m.s.f.DefaultMavenResourcesFiltering - skip non existing resourceDirectory C:\Users\rvanw\CSE374\Ryan_VanWitzenburg_Assignment3\Assignment3\src\test\resources
2024-04-02 17:28:33,903 [Worker-35: Launching Exercise6SortedMin] WARN  o.a.m.s.f.DefaultMavenResourcesFiltering - Using platform encoding (UTF-8 actually) to copy filtered resources, i.e. build is platform dependent!
2024-04-02 17:28:33,906 [Worker-35: Launching Exercise6SortedMin] INFO  o.a.m.s.f.DefaultMavenResourcesFiltering - skip non existing resourceDirectory C:\Users\rvanw\CSE374\Ryan_VanWitzenburg_Assignment3\Assignment3\src\main\resources
2024-04-02 17:28:33,913 [Worker-35: Launching Exercise6SortedMin] WARN  o.a.m.s.f.DefaultMavenResourcesFiltering - Using platform encoding (UTF-8 actually) to copy filtered resources, i.e. build is platform dependent!
2024-04-02 17:28:33,916 [Worker-35: Launching Exercise6SortedMin] INFO  o.a.m.s.f.DefaultMavenResourcesFiltering - skip non existing resourceDirectory C:\Users\rvanw\CSE374\Ryan_VanWitzenburg_Assignment3\Assignment3\src\test\resources
2024-04-02 17:35:34,276 [Worker-41: Building] WARN  o.a.m.s.f.DefaultMavenResourcesFiltering - Using platform encoding (UTF-8 actually) to copy filtered resources, i.e. build is platform dependent!
2024-04-02 17:35:34,280 [Worker-41: Building] INFO  o.a.m.s.f.DefaultMavenResourcesFiltering - skip non existing resourceDirectory C:\Users\rvanw\CSE374\Ryan_VanWitzenburg_Assignment3\Assignment3\src\main\resources
2024-04-02 17:35:34,286 [Worker-41: Building] WARN  o.a.m.s.f.DefaultMavenResourcesFiltering - Using platform encoding (UTF-8 actually) to copy filtered resources, i.e. build is platform dependent!
2024-04-02 17:35:34,288 [Worker-41: Building] INFO  o.a.m.s.f.DefaultMavenResourcesFiltering - skip non existing resourceDirectory C:\Users\rvanw\CSE374\Ryan_VanWitzenburg_Assignment3\Assignment3\src\test\resources
2024-04-02 20:59:00,043 [Worker-8: Loading available Gradle versions] INFO  o.e.b.c.i.u.g.PublishedGradleVersions - Gradle version information cache is out-of-date. Trying to update.
2024-04-02 20:59:02,793 [Worker-16: Building] WARN  o.a.m.s.f.DefaultMavenResourcesFiltering - Using platform encoding (UTF-8 actually) to copy filtered resources, i.e. build is platform dependent!
2024-04-02 20:59:02,794 [Worker-16: Building] INFO  o.a.m.s.f.DefaultMavenResourcesFiltering - skip non existing resourceDirectory C:\Users\rvanw\CSE374\Ryan_VanWitzenburg_Assignment3\Assignment3\src\main\resources
2024-04-02 20:59:02,802 [Worker-16: Building] WARN  o.a.m.s.f.DefaultMavenResourcesFiltering - Using platform encoding (UTF-8 actually) to copy filtered resources, i.e. build is platform dependent!
2024-04-02 20:59:02,803 [Worker-16: Building] INFO  o.a.m.s.f.DefaultMavenResourcesFiltering - skip non existing resourceDirectory C:\Users\rvanw\CSE374\Ryan_VanWitzenburg_Assignment3\Assignment3\src\test\resources
2024-04-02 21:01:44,400 [Worker-12: Launching Exercise2Shared] WARN  o.a.m.s.f.DefaultMavenResourcesFiltering - Using platform encoding (UTF-8 actually) to copy filtered resources, i.e. build is platform dependent!
2024-04-02 21:01:44,404 [Worker-12: Launching Exercise2Shared] INFO  o.a.m.s.f.DefaultMavenResourcesFiltering - skip non existing resourceDirectory C:\Users\rvanw\CSE374\Ryan_VanWitzenburg_Assignment3\Assignment3\src\main\resources
2024-04-02 21:01:44,409 [Worker-12: Launching Exercise2Shared] WARN  o.a.m.s.f.DefaultMavenResourcesFiltering - Using platform encoding (UTF-8 actually) to copy filtered resources, i.e. build is platform dependent!
2024-04-02 21:01:44,410 [Worker-12: Launching Exercise2Shared] INFO  o.a.m.s.f.DefaultMavenResourcesFiltering - skip non existing resourceDirectory C:\Users\rvanw\CSE374\Ryan_VanWitzenburg_Assignment3\Assignment3\src\test\resources
2024-04-02 21:04:30,486 [Worker-4: Launching Exercise3LargestYear] WARN  o.a.m.s.f.DefaultMavenResourcesFiltering - Using platform encoding (UTF-8 actually) to copy filtered resources, i.e. build is platform dependent!
2024-04-02 21:04:30,488 [Worker-4: Launching Exercise3LargestYear] INFO  o.a.m.s.f.DefaultMavenResourcesFiltering - skip non existing resourceDirectory C:\Users\rvanw\CSE374\Ryan_VanWitzenburg_Assignment3\Assignment3\src\main\resources
2024-04-02 21:04:30,492 [Worker-4: Launching Exercise3LargestYear] WARN  o.a.m.s.f.DefaultMavenResourcesFiltering - Using platform encoding (UTF-8 actually) to copy filtered resources, i.e. build is platform dependent!
2024-04-02 21:04:30,494 [Worker-4: Launching Exercise3LargestYear] INFO  o.a.m.s.f.DefaultMavenResourcesFiltering - skip non existing resourceDirectory C:\Users\rvanw\CSE374\Ryan_VanWitzenburg_Assignment3\Assignment3\src\test\resources
2024-04-02 21:05:23,324 [Worker-8: Launching Exercise3LargestYear] WARN  o.a.m.s.f.DefaultMavenResourcesFiltering - Using platform encoding (UTF-8 actually) to copy filtered resources, i.e. build is platform dependent!
2024-04-02 21:05:23,326 [Worker-8: Launching Exercise3LargestYear] INFO  o.a.m.s.f.DefaultMavenResourcesFiltering - skip non existing resourceDirectory C:\Users\rvanw\CSE374\Ryan_VanWitzenburg_Assignment3\Assignment3\src\main\resources
2024-04-02 21:05:23,334 [Worker-8: Launching Exercise3LargestYear] WARN  o.a.m.s.f.DefaultMavenResourcesFiltering - Using platform encoding (UTF-8 actually) to copy filtered resources, i.e. build is platform dependent!
2024-04-02 21:05:23,336 [Worker-8: Launching Exercise3LargestYear] INFO  o.a.m.s.f.DefaultMavenResourcesFiltering - skip non existing resourceDirectory C:\Users\rvanw\CSE374\Ryan_VanWitzenburg_Assignment3\Assignment3\src\test\resources
2024-04-02 21:09:57,517 [Worker-24: Launching Exercise3LargestYear] WARN  o.a.m.s.f.DefaultMavenResourcesFiltering - Using platform encoding (UTF-8 actually) to copy filtered resources, i.e. build is platform dependent!
2024-04-02 21:09:57,521 [Worker-24: Launching Exercise3LargestYear] INFO  o.a.m.s.f.DefaultMavenResourcesFiltering - skip non existing resourceDirectory C:\Users\rvanw\CSE374\Ryan_VanWitzenburg_Assignment3\Assignment3\src\main\resources
2024-04-02 21:09:57,530 [Worker-24: Launching Exercise3LargestYear] WARN  o.a.m.s.f.DefaultMavenResourcesFiltering - Using platform encoding (UTF-8 actually) to copy filtered resources, i.e. build is platform dependent!
2024-04-02 21:09:57,532 [Worker-24: Launching Exercise3LargestYear] INFO  o.a.m.s.f.DefaultMavenResourcesFiltering - skip non existing resourceDirectory C:\Users\rvanw\CSE374\Ryan_VanWitzenburg_Assignment3\Assignment3\src\test\resources
2024-04-02 21:15:51,203 [Worker-18: Launching Exercise5Pair] WARN  o.a.m.s.f.DefaultMavenResourcesFiltering - Using platform encoding (UTF-8 actually) to copy filtered resources, i.e. build is platform dependent!
2024-04-02 21:15:51,204 [Worker-18: Launching Exercise5Pair] INFO  o.a.m.s.f.DefaultMavenResourcesFiltering - skip non existing resourceDirectory C:\Users\rvanw\CSE374\Ryan_VanWitzenburg_Assignment3\Assignment3\src\main\resources
2024-04-02 21:15:51,208 [Worker-18: Launching Exercise5Pair] WARN  o.a.m.s.f.DefaultMavenResourcesFiltering - Using platform encoding (UTF-8 actually) to copy filtered resources, i.e. build is platform dependent!
2024-04-02 21:15:51,209 [Worker-18: Launching Exercise5Pair] INFO  o.a.m.s.f.DefaultMavenResourcesFiltering - skip non existing resourceDirectory C:\Users\rvanw\CSE374\Ryan_VanWitzenburg_Assignment3\Assignment3\src\test\resources
2024-04-02 21:17:24,612 [Worker-24: Launching Exercise5Pair] WARN  o.a.m.s.f.DefaultMavenResourcesFiltering - Using platform encoding (UTF-8 actually) to copy filtered resources, i.e. build is platform dependent!
2024-04-02 21:17:24,613 [Worker-24: Launching Exercise5Pair] INFO  o.a.m.s.f.DefaultMavenResourcesFiltering - skip non existing resourceDirectory C:\Users\rvanw\CSE374\Ryan_VanWitzenburg_Assignment3\Assignment3\src\main\resources
2024-04-02 21:17:24,616 [Worker-24: Launching Exercise5Pair] WARN  o.a.m.s.f.DefaultMavenResourcesFiltering - Using platform encoding (UTF-8 actually) to copy filtered resources, i.e. build is platform dependent!
2024-04-02 21:17:24,617 [Worker-24: Launching Exercise5Pair] INFO  o.a.m.s.f.DefaultMavenResourcesFiltering - skip non existing resourceDirectory C:\Users\rvanw\CSE374\Ryan_VanWitzenburg_Assignment3\Assignment3\src\test\resources
2024-04-02 21:25:39,328 [Worker-24: Building] WARN  o.a.m.s.f.DefaultMavenResourcesFiltering - Using platform encoding (UTF-8 actually) to copy filtered resources, i.e. build is platform dependent!
2024-04-02 21:25:39,330 [Worker-24: Building] INFO  o.a.m.s.f.DefaultMavenResourcesFiltering - skip non existing resourceDirectory C:\Users\rvanw\CSE374\Ryan_VanWitzenburg_Assignment3\Assignment3\src\main\resources
2024-04-02 21:25:39,332 [Worker-24: Building] WARN  o.a.m.s.f.DefaultMavenResourcesFiltering - Using platform encoding (UTF-8 actually) to copy filtered resources, i.e. build is platform dependent!
2024-04-02 21:25:39,333 [Worker-24: Building] INFO  o.a.m.s.f.DefaultMavenResourcesFiltering - skip non existing resourceDirectory C:\Users\rvanw\CSE374\Ryan_VanWitzenburg_Assignment3\Assignment3\src\test\resources
2024-04-02 21:27:28,784 [Worker-24: Launching Exercise6SortedMin] WARN  o.a.m.s.f.DefaultMavenResourcesFiltering - Using platform encoding (UTF-8 actually) to copy filtered resources, i.e. build is platform dependent!
2024-04-02 21:27:28,785 [Worker-24: Launching Exercise6SortedMin] INFO  o.a.m.s.f.DefaultMavenResourcesFiltering - skip non existing resourceDirectory C:\Users\rvanw\CSE374\Ryan_VanWitzenburg_Assignment3\Assignment3\src\main\resources
2024-04-02 21:27:28,788 [Worker-24: Launching Exercise6SortedMin] WARN  o.a.m.s.f.DefaultMavenResourcesFiltering - Using platform encoding (UTF-8 actually) to copy filtered resources, i.e. build is platform dependent!
2024-04-02 21:27:28,790 [Worker-24: Launching Exercise6SortedMin] INFO  o.a.m.s.f.DefaultMavenResourcesFiltering - skip non existing resourceDirectory C:\Users\rvanw\CSE374\Ryan_VanWitzenburg_Assignment3\Assignment3\src\test\resources
2024-04-02 21:28:19,859 [Worker-36: Launching Exercise6SortedMin] WARN  o.a.m.s.f.DefaultMavenResourcesFiltering - Using platform encoding (UTF-8 actually) to copy filtered resources, i.e. build is platform dependent!
2024-04-02 21:28:19,860 [Worker-36: Launching Exercise6SortedMin] INFO  o.a.m.s.f.DefaultMavenResourcesFiltering - skip non existing resourceDirectory C:\Users\rvanw\CSE374\Ryan_VanWitzenburg_Assignment3\Assignment3\src\main\resources
2024-04-02 21:28:19,862 [Worker-36: Launching Exercise6SortedMin] WARN  o.a.m.s.f.DefaultMavenResourcesFiltering - Using platform encoding (UTF-8 actually) to copy filtered resources, i.e. build is platform dependent!
2024-04-02 21:28:19,863 [Worker-36: Launching Exercise6SortedMin] INFO  o.a.m.s.f.DefaultMavenResourcesFiltering - skip non existing resourceDirectory C:\Users\rvanw\CSE374\Ryan_VanWitzenburg_Assignment3\Assignment3\src\test\resources
2024-04-02 21:28:27,883 [Worker-31: Launching Exercise6SortedMin] WARN  o.a.m.s.f.DefaultMavenResourcesFiltering - Using platform encoding (UTF-8 actually) to copy filtered resources, i.e. build is platform dependent!
2024-04-02 21:28:27,886 [Worker-31: Launching Exercise6SortedMin] INFO  o.a.m.s.f.DefaultMavenResourcesFiltering - skip non existing resourceDirectory C:\Users\rvanw\CSE374\Ryan_VanWitzenburg_Assignment3\Assignment3\src\main\resources
2024-04-02 21:28:27,893 [Worker-31: Launching Exercise6SortedMin] WARN  o.a.m.s.f.DefaultMavenResourcesFiltering - Using platform encoding (UTF-8 actually) to copy filtered resources, i.e. build is platform dependent!
2024-04-02 21:28:27,896 [Worker-31: Launching Exercise6SortedMin] INFO  o.a.m.s.f.DefaultMavenResourcesFiltering - skip non existing resourceDirectory C:\Users\rvanw\CSE374\Ryan_VanWitzenburg_Assignment3\Assignment3\src\test\resources
2024-04-02 21:28:59,770 [Worker-35: Launching Exercise6SortedMin] WARN  o.a.m.s.f.DefaultMavenResourcesFiltering - Using platform encoding (UTF-8 actually) to copy filtered resources, i.e. build is platform dependent!
2024-04-02 21:28:59,771 [Worker-35: Launching Exercise6SortedMin] INFO  o.a.m.s.f.DefaultMavenResourcesFiltering - skip non existing resourceDirectory C:\Users\rvanw\CSE374\Ryan_VanWitzenburg_Assignment3\Assignment3\src\main\resources
2024-04-02 21:28:59,776 [Worker-35: Launching Exercise6SortedMin] WARN  o.a.m.s.f.DefaultMavenResourcesFiltering - Using platform encoding (UTF-8 actually) to copy filtered resources, i.e. build is platform dependent!
2024-04-02 21:28:59,777 [Worker-35: Launching Exercise6SortedMin] INFO  o.a.m.s.f.DefaultMavenResourcesFiltering - skip non existing resourceDirectory C:\Users\rvanw\CSE374\Ryan_VanWitzenburg_Assignment3\Assignment3\src\test\resources
2024-04-02 21:29:13,172 [Worker-37: Launching Exercise6SortedMin] WARN  o.a.m.s.f.DefaultMavenResourcesFiltering - Using platform encoding (UTF-8 actually) to copy filtered resources, i.e. build is platform dependent!
2024-04-02 21:29:13,175 [Worker-37: Launching Exercise6SortedMin] INFO  o.a.m.s.f.DefaultMavenResourcesFiltering - skip non existing resourceDirectory C:\Users\rvanw\CSE374\Ryan_VanWitzenburg_Assignment3\Assignment3\src\main\resources
2024-04-02 21:29:13,182 [Worker-37: Launching Exercise6SortedMin] WARN  o.a.m.s.f.DefaultMavenResourcesFiltering - Using platform encoding (UTF-8 actually) to copy filtered resources, i.e. build is platform dependent!
2024-04-02 21:29:13,185 [Worker-37: Launching Exercise6SortedMin] INFO  o.a.m.s.f.DefaultMavenResourcesFiltering - skip non existing resourceDirectory C:\Users\rvanw\CSE374\Ryan_VanWitzenburg_Assignment3\Assignment3\src\test\resources
2024-04-02 21:30:03,815 [Worker-36: Launching Exercise6SortedMin] WARN  o.a.m.s.f.DefaultMavenResourcesFiltering - Using platform encoding (UTF-8 actually) to copy filtered resources, i.e. build is platform dependent!
2024-04-02 21:30:03,817 [Worker-36: Launching Exercise6SortedMin] INFO  o.a.m.s.f.DefaultMavenResourcesFiltering - skip non existing resourceDirectory C:\Users\rvanw\CSE374\Ryan_VanWitzenburg_Assignment3\Assignment3\src\main\resources
2024-04-02 21:30:03,822 [Worker-36: Launching Exercise6SortedMin] WARN  o.a.m.s.f.DefaultMavenResourcesFiltering - Using platform encoding (UTF-8 actually) to copy filtered resources, i.e. build is platform dependent!
2024-04-02 21:30:03,824 [Worker-36: Launching Exercise6SortedMin] INFO  o.a.m.s.f.DefaultMavenResourcesFiltering - skip non existing resourceDirectory C:\Users\rvanw\CSE374\Ryan_VanWitzenburg_Assignment3\Assignment3\src\test\resources
2024-04-02 21:30:12,211 [Worker-18: Launching Exercise6SortedMin] WARN  o.a.m.s.f.DefaultMavenResourcesFiltering - Using platform encoding (UTF-8 actually) to copy filtered resources, i.e. build is platform dependent!
2024-04-02 21:30:12,213 [Worker-18: Launching Exercise6SortedMin] INFO  o.a.m.s.f.DefaultMavenResourcesFiltering - skip non existing resourceDirectory C:\Users\rvanw\CSE374\Ryan_VanWitzenburg_Assignment3\Assignment3\src\main\resources
2024-04-02 21:30:12,219 [Worker-18: Launching Exercise6SortedMin] WARN  o.a.m.s.f.DefaultMavenResourcesFiltering - Using platform encoding (UTF-8 actually) to copy filtered resources, i.e. build is platform dependent!
2024-04-02 21:30:12,221 [Worker-18: Launching Exercise6SortedMin] INFO  o.a.m.s.f.DefaultMavenResourcesFiltering - skip non existing resourceDirectory C:\Users\rvanw\CSE374\Ryan_VanWitzenburg_Assignment3\Assignment3\src\test\resources
2024-04-02 21:30:25,624 [Worker-35: Launching Exercise6SortedMin] WARN  o.a.m.s.f.DefaultMavenResourcesFiltering - Using platform encoding (UTF-8 actually) to copy filtered resources, i.e. build is platform dependent!
2024-04-02 21:30:25,626 [Worker-35: Launching Exercise6SortedMin] INFO  o.a.m.s.f.DefaultMavenResourcesFiltering - skip non existing resourceDirectory C:\Users\rvanw\CSE374\Ryan_VanWitzenburg_Assignment3\Assignment3\src\main\resources
2024-04-02 21:30:25,630 [Worker-35: Launching Exercise6SortedMin] WARN  o.a.m.s.f.DefaultMavenResourcesFiltering - Using platform encoding (UTF-8 actually) to copy filtered resources, i.e. build is platform dependent!
2024-04-02 21:30:25,631 [Worker-35: Launching Exercise6SortedMin] INFO  o.a.m.s.f.DefaultMavenResourcesFiltering - skip non existing resourceDirectory C:\Users\rvanw\CSE374\Ryan_VanWitzenburg_Assignment3\Assignment3\src\test\resources
2024-04-02 21:31:05,014 [Worker-37: Launching Exercise6SortedMin] WARN  o.a.m.s.f.DefaultMavenResourcesFiltering - Using platform encoding (UTF-8 actually) to copy filtered resources, i.e. build is platform dependent!
2024-04-02 21:31:05,015 [Worker-37: Launching Exercise6SortedMin] INFO  o.a.m.s.f.DefaultMavenResourcesFiltering - skip non existing resourceDirectory C:\Users\rvanw\CSE374\Ryan_VanWitzenburg_Assignment3\Assignment3\src\main\resources
2024-04-02 21:31:05,017 [Worker-37: Launching Exercise6SortedMin] WARN  o.a.m.s.f.DefaultMavenResourcesFiltering - Using platform encoding (UTF-8 actually) to copy filtered resources, i.e. build is platform dependent!
2024-04-02 21:31:05,018 [Worker-37: Launching Exercise6SortedMin] INFO  o.a.m.s.f.DefaultMavenResourcesFiltering - skip non existing resourceDirectory C:\Users\rvanw\CSE374\Ryan_VanWitzenburg_Assignment3\Assignment3\src\test\resources
2024-04-02 21:31:18,915 [Worker-37: Launching Exercise6SortedMin] WARN  o.a.m.s.f.DefaultMavenResourcesFiltering - Using platform encoding (UTF-8 actually) to copy filtered resources, i.e. build is platform dependent!
2024-04-02 21:31:18,918 [Worker-37: Launching Exercise6SortedMin] INFO  o.a.m.s.f.DefaultMavenResourcesFiltering - skip non existing resourceDirectory C:\Users\rvanw\CSE374\Ryan_VanWitzenburg_Assignment3\Assignment3\src\main\resources
2024-04-02 21:31:18,925 [Worker-37: Launching Exercise6SortedMin] WARN  o.a.m.s.f.DefaultMavenResourcesFiltering - Using platform encoding (UTF-8 actually) to copy filtered resources, i.e. build is platform dependent!
2024-04-02 21:31:18,928 [Worker-37: Launching Exercise6SortedMin] INFO  o.a.m.s.f.DefaultMavenResourcesFiltering - skip non existing resourceDirectory C:\Users\rvanw\CSE374\Ryan_VanWitzenburg_Assignment3\Assignment3\src\test\resources
2024-04-02 21:31:36,312 [Worker-35: Launching Exercise6SortedMin] WARN  o.a.m.s.f.DefaultMavenResourcesFiltering - Using platform encoding (UTF-8 actually) to copy filtered resources, i.e. build is platform dependent!
2024-04-02 21:31:36,313 [Worker-35: Launching Exercise6SortedMin] INFO  o.a.m.s.f.DefaultMavenResourcesFiltering - skip non existing resourceDirectory C:\Users\rvanw\CSE374\Ryan_VanWitzenburg_Assignment3\Assignment3\src\main\resources
2024-04-02 21:31:36,317 [Worker-35: Launching Exercise6SortedMin] WARN  o.a.m.s.f.DefaultMavenResourcesFiltering - Using platform encoding (UTF-8 actually) to copy filtered resources, i.e. build is platform dependent!
2024-04-02 21:31:36,318 [Worker-35: Launching Exercise6SortedMin] INFO  o.a.m.s.f.DefaultMavenResourcesFiltering - skip non existing resourceDirectory C:\Users\rvanw\CSE374\Ryan_VanWitzenburg_Assignment3\Assignment3\src\test\resources
2024-04-02 21:32:06,959 [Worker-35: Launching Exercise6SortedMin] WARN  o.a.m.s.f.DefaultMavenResourcesFiltering - Using platform encoding (UTF-8 actually) to copy filtered resources, i.e. build is platform dependent!
2024-04-02 21:32:06,961 [Worker-35: Launching Exercise6SortedMin] INFO  o.a.m.s.f.DefaultMavenResourcesFiltering - skip non existing resourceDirectory C:\Users\rvanw\CSE374\Ryan_VanWitzenburg_Assignment3\Assignment3\src\main\resources
2024-04-02 21:32:06,964 [Worker-35: Launching Exercise6SortedMin] WARN  o.a.m.s.f.DefaultMavenResourcesFiltering - Using platform encoding (UTF-8 actually) to copy filtered resources, i.e. build is platform dependent!
2024-04-02 21:32:06,966 [Worker-35: Launching Exercise6SortedMin] INFO  o.a.m.s.f.DefaultMavenResourcesFiltering - skip non existing resourceDirectory C:\Users\rvanw\CSE374\Ryan_VanWitzenburg_Assignment3\Assignment3\src\test\resources
2024-04-02 21:32:24,207 [Worker-8: Launching Exercise6SortedMin] WARN  o.a.m.s.f.DefaultMavenResourcesFiltering - Using platform encoding (UTF-8 actually) to copy filtered resources, i.e. build is platform dependent!
2024-04-02 21:32:24,209 [Worker-8: Launching Exercise6SortedMin] INFO  o.a.m.s.f.DefaultMavenResourcesFiltering - skip non existing resourceDirectory C:\Users\rvanw\CSE374\Ryan_VanWitzenburg_Assignment3\Assignment3\src\main\resources
2024-04-02 21:32:24,213 [Worker-8: Launching Exercise6SortedMin] WARN  o.a.m.s.f.DefaultMavenResourcesFiltering - Using platform encoding (UTF-8 actually) to copy filtered resources, i.e. build is platform dependent!
2024-04-02 21:32:24,214 [Worker-8: Launching Exercise6SortedMin] INFO  o.a.m.s.f.DefaultMavenResourcesFiltering - skip non existing resourceDirectory C:\Users\rvanw\CSE374\Ryan_VanWitzenburg_Assignment3\Assignment3\src\test\resources
2024-04-02 21:34:01,131 [Worker-36: Launching Exercise7CountingSort] WARN  o.a.m.s.f.DefaultMavenResourcesFiltering - Using platform encoding (UTF-8 actually) to copy filtered resources, i.e. build is platform dependent!
2024-04-02 21:34:01,132 [Worker-36: Launching Exercise7CountingSort] INFO  o.a.m.s.f.DefaultMavenResourcesFiltering - skip non existing resourceDirectory C:\Users\rvanw\CSE374\Ryan_VanWitzenburg_Assignment3\Assignment3\src\main\resources
2024-04-02 21:34:01,135 [Worker-36: Launching Exercise7CountingSort] WARN  o.a.m.s.f.DefaultMavenResourcesFiltering - Using platform encoding (UTF-8 actually) to copy filtered resources, i.e. build is platform dependent!
2024-04-02 21:34:01,136 [Worker-36: Launching Exercise7CountingSort] INFO  o.a.m.s.f.DefaultMavenResourcesFiltering - skip non existing resourceDirectory C:\Users\rvanw\CSE374\Ryan_VanWitzenburg_Assignment3\Assignment3\src\test\resources
2024-04-02 22:15:02,663 [Worker-39: Launching Exercise7CountingSort] WARN  o.a.m.s.f.DefaultMavenResourcesFiltering - Using platform encoding (UTF-8 actually) to copy filtered resources, i.e. build is platform dependent!
2024-04-02 22:15:02,664 [Worker-39: Launching Exercise7CountingSort] INFO  o.a.m.s.f.DefaultMavenResourcesFiltering - skip non existing resourceDirectory C:\Users\rvanw\CSE374\Ryan_VanWitzenburg_Assignment3\Assignment3\src\main\resources
2024-04-02 22:15:02,667 [Worker-39: Launching Exercise7CountingSort] WARN  o.a.m.s.f.DefaultMavenResourcesFiltering - Using platform encoding (UTF-8 actually) to copy filtered resources, i.e. build is platform dependent!
2024-04-02 22:15:02,668 [Worker-39: Launching Exercise7CountingSort] INFO  o.a.m.s.f.DefaultMavenResourcesFiltering - skip non existing resourceDirectory C:\Users\rvanw\CSE374\Ryan_VanWitzenburg_Assignment3\Assignment3\src\test\resources
2024-04-02 22:17:10,707 [Worker-39: Launching Exercise7CountingSort] WARN  o.a.m.s.f.DefaultMavenResourcesFiltering - Using platform encoding (UTF-8 actually) to copy filtered resources, i.e. build is platform dependent!
2024-04-02 22:17:10,709 [Worker-39: Launching Exercise7CountingSort] INFO  o.a.m.s.f.DefaultMavenResourcesFiltering - skip non existing resourceDirectory C:\Users\rvanw\CSE374\Ryan_VanWitzenburg_Assignment3\Assignment3\src\main\resources
2024-04-02 22:17:10,711 [Worker-39: Launching Exercise7CountingSort] WARN  o.a.m.s.f.DefaultMavenResourcesFiltering - Using platform encoding (UTF-8 actually) to copy filtered resources, i.e. build is platform dependent!
2024-04-02 22:17:10,712 [Worker-39: Launching Exercise7CountingSort] INFO  o.a.m.s.f.DefaultMavenResourcesFiltering - skip non existing resourceDirectory C:\Users\rvanw\CSE374\Ryan_VanWitzenburg_Assignment3\Assignment3\src\test\resources
2024-04-02 22:19:23,672 [Worker-41: Launching Exercise7CountingSort] WARN  o.a.m.s.f.DefaultMavenResourcesFiltering - Using platform encoding (UTF-8 actually) to copy filtered resources, i.e. build is platform dependent!
2024-04-02 22:19:23,674 [Worker-41: Launching Exercise7CountingSort] INFO  o.a.m.s.f.DefaultMavenResourcesFiltering - skip non existing resourceDirectory C:\Users\rvanw\CSE374\Ryan_VanWitzenburg_Assignment3\Assignment3\src\main\resources
2024-04-02 22:19:23,678 [Worker-41: Launching Exercise7CountingSort] WARN  o.a.m.s.f.DefaultMavenResourcesFiltering - Using platform encoding (UTF-8 actually) to copy filtered resources, i.e. build is platform dependent!
2024-04-02 22:19:23,679 [Worker-41: Launching Exercise7CountingSort] INFO  o.a.m.s.f.DefaultMavenResourcesFiltering - skip non existing resourceDirectory C:\Users\rvanw\CSE374\Ryan_VanWitzenburg_Assignment3\Assignment3\src\test\resources
2024-04-02 22:20:46,988 [Worker-24: Launching Exercise7CountingSort] WARN  o.a.m.s.f.DefaultMavenResourcesFiltering - Using platform encoding (UTF-8 actually) to copy filtered resources, i.e. build is platform dependent!
2024-04-02 22:20:46,989 [Worker-24: Launching Exercise7CountingSort] INFO  o.a.m.s.f.DefaultMavenResourcesFiltering - skip non existing resourceDirectory C:\Users\rvanw\CSE374\Ryan_VanWitzenburg_Assignment3\Assignment3\src\main\resources
2024-04-02 22:20:46,994 [Worker-24: Launching Exercise7CountingSort] WARN  o.a.m.s.f.DefaultMavenResourcesFiltering - Using platform encoding (UTF-8 actually) to copy filtered resources, i.e. build is platform dependent!
2024-04-02 22:20:46,994 [Worker-24: Launching Exercise7CountingSort] INFO  o.a.m.s.f.DefaultMavenResourcesFiltering - skip non existing resourceDirectory C:\Users\rvanw\CSE374\Ryan_VanWitzenburg_Assignment3\Assignment3\src\test\resources
2024-04-02 22:21:52,981 [Worker-42: Launching Exercise7CountingSort] WARN  o.a.m.s.f.DefaultMavenResourcesFiltering - Using platform encoding (UTF-8 actually) to copy filtered resources, i.e. build is platform dependent!
2024-04-02 22:21:52,982 [Worker-42: Launching Exercise7CountingSort] INFO  o.a.m.s.f.DefaultMavenResourcesFiltering - skip non existing resourceDirectory C:\Users\rvanw\CSE374\Ryan_VanWitzenburg_Assignment3\Assignment3\src\main\resources
2024-04-02 22:21:52,985 [Worker-42: Launching Exercise7CountingSort] WARN  o.a.m.s.f.DefaultMavenResourcesFiltering - Using platform encoding (UTF-8 actually) to copy filtered resources, i.e. build is platform dependent!
2024-04-02 22:21:52,986 [Worker-42: Launching Exercise7CountingSort] INFO  o.a.m.s.f.DefaultMavenResourcesFiltering - skip non existing resourceDirectory C:\Users\rvanw\CSE374\Ryan_VanWitzenburg_Assignment3\Assignment3\src\test\resources
2024-04-02 22:27:15,346 [Worker-24: Launching Exercise7CountingSort] WARN  o.a.m.s.f.DefaultMavenResourcesFiltering - Using platform encoding (UTF-8 actually) to copy filtered resources, i.e. build is platform dependent!
2024-04-02 22:27:15,348 [Worker-24: Launching Exercise7CountingSort] INFO  o.a.m.s.f.DefaultMavenResourcesFiltering - skip non existing resourceDirectory C:\Users\rvanw\CSE374\Ryan_VanWitzenburg_Assignment3\Assignment3\src\main\resources
2024-04-02 22:27:15,351 [Worker-24: Launching Exercise7CountingSort] WARN  o.a.m.s.f.DefaultMavenResourcesFiltering - Using platform encoding (UTF-8 actually) to copy filtered resources, i.e. build is platform dependent!
2024-04-02 22:27:15,352 [Worker-24: Launching Exercise7CountingSort] INFO  o.a.m.s.f.DefaultMavenResourcesFiltering - skip non existing resourceDirectory C:\Users\rvanw\CSE374\Ryan_VanWitzenburg_Assignment3\Assignment3\src\test\resources
2024-04-02 22:28:44,822 [Worker-42: Launching Exercise7CountingSort] WARN  o.a.m.s.f.DefaultMavenResourcesFiltering - Using platform encoding (UTF-8 actually) to copy filtered resources, i.e. build is platform dependent!
2024-04-02 22:28:44,824 [Worker-42: Launching Exercise7CountingSort] INFO  o.a.m.s.f.DefaultMavenResourcesFiltering - skip non existing resourceDirectory C:\Users\rvanw\CSE374\Ryan_VanWitzenburg_Assignment3\Assignment3\src\main\resources
2024-04-02 22:28:44,827 [Worker-42: Launching Exercise7CountingSort] WARN  o.a.m.s.f.DefaultMavenResourcesFiltering - Using platform encoding (UTF-8 actually) to copy filtered resources, i.e. build is platform dependent!
2024-04-02 22:28:44,828 [Worker-42: Launching Exercise7CountingSort] INFO  o.a.m.s.f.DefaultMavenResourcesFiltering - skip non existing resourceDirectory C:\Users\rvanw\CSE374\Ryan_VanWitzenburg_Assignment3\Assignment3\src\test\resources
2024-04-02 22:49:10,000 [Worker-49: Building] WARN  o.a.m.s.f.DefaultMavenResourcesFiltering - Using platform encoding (UTF-8 actually) to copy filtered resources, i.e. build is platform dependent!
2024-04-02 22:49:10,003 [Worker-49: Building] INFO  o.a.m.s.f.DefaultMavenResourcesFiltering - skip non existing resourceDirectory C:\Users\rvanw\CSE374\Ryan_VanWitzenburg_Assignment3\Assignment3\src\main\resources
2024-04-02 22:49:10,009 [Worker-49: Building] WARN  o.a.m.s.f.DefaultMavenResourcesFiltering - Using platform encoding (UTF-8 actually) to copy filtered resources, i.e. build is platform dependent!
2024-04-02 22:49:10,011 [Worker-49: Building] INFO  o.a.m.s.f.DefaultMavenResourcesFiltering - skip non existing resourceDirectory C:\Users\rvanw\CSE374\Ryan_VanWitzenburg_Assignment3\Assignment3\src\test\resources
2024-04-02 22:50:20,277 [Worker-48: Building] WARN  o.a.m.s.f.DefaultMavenResourcesFiltering - Using platform encoding (UTF-8 actually) to copy filtered resources, i.e. build is platform dependent!
2024-04-02 22:50:20,280 [Worker-48: Building] INFO  o.a.m.s.f.DefaultMavenResourcesFiltering - skip non existing resourceDirectory C:\Users\rvanw\CSE374\Ryan_VanWitzenburg_Assignment3\Assignment3\src\main\resources
2024-04-02 22:50:20,285 [Worker-48: Building] WARN  o.a.m.s.f.DefaultMavenResourcesFiltering - Using platform encoding (UTF-8 actually) to copy filtered resources, i.e. build is platform dependent!
2024-04-02 22:50:20,287 [Worker-48: Building] INFO  o.a.m.s.f.DefaultMavenResourcesFiltering - skip non existing resourceDirectory C:\Users\rvanw\CSE374\Ryan_VanWitzenburg_Assignment3\Assignment3\src\test\resources
2024-04-02 22:57:13,528 [Worker-49: Building] WARN  o.a.m.s.f.DefaultMavenResourcesFiltering - Using platform encoding (UTF-8 actually) to copy filtered resources, i.e. build is platform dependent!
2024-04-02 22:57:13,531 [Worker-49: Building] INFO  o.a.m.s.f.DefaultMavenResourcesFiltering - skip non existing resourceDirectory C:\Users\rvanw\CSE374\Ryan_VanWitzenburg_Assignment3\Assignment3\src\main\resources
2024-04-02 22:57:13,537 [Worker-49: Building] WARN  o.a.m.s.f.DefaultMavenResourcesFiltering - Using platform encoding (UTF-8 actually) to copy filtered resources, i.e. build is platform dependent!
2024-04-02 22:57:13,539 [Worker-49: Building] INFO  o.a.m.s.f.DefaultMavenResourcesFiltering - skip non existing resourceDirectory C:\Users\rvanw\CSE374\Ryan_VanWitzenburg_Assignment3\Assignment3\src\test\resources
2024-04-02 22:59:11,469 [Worker-48: Building] WARN  o.a.m.s.f.DefaultMavenResourcesFiltering - Using platform encoding (UTF-8 actually) to copy filtered resources, i.e. build is platform dependent!
2024-04-02 22:59:11,471 [Worker-48: Building] INFO  o.a.m.s.f.DefaultMavenResourcesFiltering - skip non existing resourceDirectory C:\Users\rvanw\CSE374\Ryan_VanWitzenburg_Assignment3\Assignment3\src\main\resources
2024-04-02 22:59:11,473 [Worker-48: Building] WARN  o.a.m.s.f.DefaultMavenResourcesFiltering - Using platform encoding (UTF-8 actually) to copy filtered resources, i.e. build is platform dependent!
2024-04-02 22:59:11,473 [Worker-48: Building] INFO  o.a.m.s.f.DefaultMavenResourcesFiltering - skip non existing resourceDirectory C:\Users\rvanw\CSE374\Ryan_VanWitzenburg_Assignment3\Assignment3\src\test\resources
